<?xml version="1.0" encoding="UTF-8"?>
<testsuite name="Door operations" tests="3" skipped="0" failures="0" errors="0" timestamp="2020-10-17T19:28:24" hostname="pc" time="0.092">
  <properties/>
  <testcase name="Successfully open door" classname="Door operations" time="0.087"/>
  <testcase name="Successfully close door" classname="Door operations" time="0.003"/>
  <testcase name="Successfully open a door which is already open" classname="Door operations" time="0.002"/>
  <system-out><![CDATA[]]></system-out>
  <system-err><![CDATA[]]></system-err>
</testsuite>
